<?xml version="1.0" encoding="UTF-8"?>
<!-- Generated by org.testng.reporters.JUnitReportReporter -->
<testsuite skipped="0" hostname="RAMYA" name="org.annotation.TestNggggg" tests="1" failures="0" timestamp="23 Feb 2022 11:20:26 GMT" time="0.012" errors="0">
  <testcase name="test1" time="0.012" classname="org.annotation.TestNggggg"/>
</testsuite> <!-- org.annotation.TestNggggg -->
